#
# There is insufficient memory for the Java Runtime Environment to continue.
# Native memory allocation (mmap) failed to map 132120576 bytes for G1 virtual space
# Possible reasons:
#   The system is out of physical RAM or swap space
#   The process is running with CompressedOops enabled, and the Java Heap may be blocking the growth of the native heap
# Possible solutions:
#   Reduce memory load on the system
#   Increase physical memory or swap space
#   Check if swap backing store is full
#   Decrease Java heap size (-Xmx/-Xms)
#   Decrease number of Java threads
#   Decrease Java thread stack sizes (-Xss)
#   Set larger code cache with -XX:ReservedCodeCacheSize=
#   JVM is running with Unscaled Compressed Oops mode in which the Java heap is
#     placed in the first 4GB address space. The Java Heap base address is the
#     maximum limit for the native heap growth. Please use -XX:HeapBaseMinAddress
#     to set the Java Heap base and to place the Java Heap above 4GB virtual address.
# This output file may be truncated or incomplete.
#
#  Out of Memory Error (os_windows.cpp:3600), pid=11828, tid=15432
#
# JRE version:  (21.0.2+13) (build )
# Java VM: Java HotSpot(TM) 64-Bit Server VM (21.0.2+13-LTS-58, mixed mode, sharing, tiered, compressed oops, compressed class ptrs, g1 gc, windows-amd64)
# No core dump will be written. Minidumps are not enabled by default on client versions of Windows
#

---------------  S U M M A R Y ------------

Command Line: -Dorg.gradle.internal.worker.tmpdir=C:\Users\N-Mach\OneDrive\Desktop\advprog\eshop\build\tmp\test\work -Dorg.gradle.native=false -Xmx512m -Dfile.encoding=windows-1252 -Duser.country=ID -Duser.language=en -Duser.variant -ea worker.org.gradle.process.internal.worker.GradleWorkerMain 'Gradle Test Executor 2'

Host: 11th Gen Intel(R) Core(TM) i3-1115G4 @ 3.00GHz, 4 cores, 7G,  Windows 10 , 64 bit Build 19041 (10.0.19041.3636)
Time: Wed Feb  7 18:16:43 2024 SE Asia Standard Time elapsed time: 0.028524 seconds (0d 0h 0m 0s)

---------------  T H R E A D  ---------------

Current thread (0x0000023fea7694d0):  JavaThread "Unknown thread" [_thread_in_vm, id=15432, stack(0x000000ff6d900000,0x000000ff6da00000) (1024K)]

Stack: [0x000000ff6d900000,0x000000ff6da00000]
Native frames: (J=compiled Java code, j=interpreted, Vv=VM code, C=native code)
V  [jvm.dll+0x6cade9]
V  [jvm.dll+0x8569c1]
V  [jvm.dll+0x858d2e]
V  [jvm.dll+0x859413]
V  [jvm.dll+0x280e56]
V  [jvm.dll+0x6c74d5]
V  [jvm.dll+0x6bbeca]
V  [jvm.dll+0x355bca]
V  [jvm.dll+0x35d816]
V  [jvm.dll+0x3ae67e]
V  [jvm.dll+0x3ae928]
V  [jvm.dll+0x3295dc]
V  [jvm.dll+0x32a16b]
V  [jvm.dll+0x81efa9]
V  [jvm.dll+0x3bba01]
V  [jvm.dll+0x807928]
V  [jvm.dll+0x44f50e]
V  [jvm.dll+0x450e11]
C  [jli.dll+0x52a3]
C  [ucrtbase.dll+0x21bb2]
C  [KERNEL32.DLL+0x17344]
C  [ntdll.dll+0x526b1]


---------------  P R O C E S S  ---------------

Threads class SMR info:
_java_thread_list=0x00007ffd1037bb88, length=0, elements={
}

Java Threads: ( => current thread )
Total: 0

Other Threads:
  0x0000023fec993ed0 WorkerThread "GC Thread#0"                     [id=46684, stack(0x000000ff6da00000,0x000000ff6db00000) (1024K)]
  0x0000023fec999dd0 ConcurrentGCThread "G1 Main Marker"            [id=46752, stack(0x000000ff6db00000,0x000000ff6dc00000) (1024K)]
  0x0000023fec99a7e0 WorkerThread "G1 Conc#0"                       [id=10964, stack(0x000000ff6dc00000,0x000000ff6dd00000) (1024K)]

[error occurred during error reporting (printing all threads), id 0xc0000005, EXCEPTION_ACCESS_VIOLATION (0xc0000005) at pc=0x00007ffd0faec6a7]
VM state: not at safepoint (not fully initialized)

VM Mutex/Monitor currently owned by a thread:  ([mutex/lock_event])
[0x00007ffd103ece68] Heap_lock - owner thread: 0x0000023fea7694d0

Heap address: 0x00000000e0000000, size: 512 MB, Compressed Oops mode: 32-bit

CDS archive(s) mapped at: [0x0000000000000000-0x0000000000000000-0x0000000000000000), size 0, SharedBaseAddress: 0x0000000800000000, ArchiveRelocationMode: 1.
Narrow klass base: 0x0000000000000000, Narrow klass shift: 0, Narrow klass range: 0x0

GC Precious Log:
 CardTable entry size: 512
 Card Set container configuration: InlinePtr #cards 5 size 8 Array Of Cards #cards 12 size 40 Howl #buckets 4 coarsen threshold 1843 Howl Bitmap #cards 512 size 80 coarsen threshold 460 Card regions per heap region 1 cards per card region 2048

Heap:
 garbage-first heap   total 0K, used 0K [0x00000000e0000000, 0x0000000100000000)
  region size 1024K, 0 young (0K), 0 survivors (0K)

[error occurred during error reporting (printing heap information), id 0xc0000005, EXCEPTION_ACCESS_VIOLATION (0xc0000005) at pc=0x00007ffd0fed39f9]
GC Heap History (0 events):
No events

Dll operation events (1 events):
Event: 0.017 Loaded shared library C:\Program Files\Java\jdk-21\bin\java.dll

Deoptimization events (0 events):
No events

Classes loaded (0 events):
No events

Classes unloaded (0 events):
No events

Classes redefined (0 events):
No events

Internal exceptions (0 events):
No events

ZGC Phase Switch (0 events):
No events

VM Operations (0 events):
No events

Events (0 events):
No events


Dynamic libraries:
0x00007ff691d90000 - 0x00007ff691da0000 	C:\Program Files\Java\jdk-21\bin\java.exe
0x00007ffd834f0000 - 0x00007ffd836e8000 	C:\Windows\SYSTEM32\ntdll.dll
0x00007ffd81540000 - 0x00007ffd815fd000 	C:\Windows\System32\KERNEL32.DLL
0x00007ffd81140000 - 0x00007ffd81436000 	C:\Windows\System32\KERNELBASE.dll
0x00007ffd81440000 - 0x00007ffd81540000 	C:\Windows\System32\ucrtbase.dll
0x00007ffd7eed0000 - 0x00007ffd7eeeb000 	C:\Program Files\Java\jdk-21\bin\VCRUNTIME140.dll
0x00007ffd76af0000 - 0x00007ffd76b09000 	C:\Program Files\Java\jdk-21\bin\jli.dll
0x00007ffd81dd0000 - 0x00007ffd81e83000 	C:\Windows\System32\ADVAPI32.dll
0x00007ffd82c80000 - 0x00007ffd82d1e000 	C:\Windows\System32\msvcrt.dll
0x00007ffd81680000 - 0x00007ffd8171f000 	C:\Windows\System32\sechost.dll
0x00007ffd830b0000 - 0x00007ffd831d6000 	C:\Windows\System32\RPCRT4.dll
0x00007ffd80d60000 - 0x00007ffd80d87000 	C:\Windows\System32\bcrypt.dll
0x00007ffd81c30000 - 0x00007ffd81dce000 	C:\Windows\System32\USER32.dll
0x00007ffd80bc0000 - 0x00007ffd80be2000 	C:\Windows\System32\win32u.dll
0x00007ffd83080000 - 0x00007ffd830ac000 	C:\Windows\System32\GDI32.dll
0x00007ffd80bf0000 - 0x00007ffd80d0a000 	C:\Windows\System32\gdi32full.dll
0x00007ffd81030000 - 0x00007ffd810cd000 	C:\Windows\System32\msvcp_win.dll
0x00007ffd80080000 - 0x00007ffd8031a000 	C:\Windows\WinSxS\amd64_microsoft.windows.common-controls_6595b64144ccf1df_6.0.19041.3636_none_60b6a03d71f818d5\COMCTL32.dll
0x00007ffd7d8e0000 - 0x00007ffd7d8ea000 	C:\Windows\SYSTEM32\VERSION.dll
0x00007ffd81e90000 - 0x00007ffd81ec0000 	C:\Windows\System32\IMM32.DLL
0x00007ffd7b350000 - 0x00007ffd7b35c000 	C:\Program Files\Java\jdk-21\bin\vcruntime140_1.dll
0x00007ffd50900000 - 0x00007ffd5098e000 	C:\Program Files\Java\jdk-21\bin\msvcp140.dll
0x00007ffd0f7b0000 - 0x00007ffd104c7000 	C:\Program Files\Java\jdk-21\bin\server\jvm.dll
0x00007ffd83290000 - 0x00007ffd832fb000 	C:\Windows\System32\WS2_32.dll
0x00007ffd80510000 - 0x00007ffd8055b000 	C:\Windows\SYSTEM32\POWRPROF.dll
0x00007ffd667f0000 - 0x00007ffd66817000 	C:\Windows\SYSTEM32\WINMM.dll
0x00007ffd804f0000 - 0x00007ffd80502000 	C:\Windows\SYSTEM32\UMPDC.dll
0x00007ffd7dc10000 - 0x00007ffd7dc22000 	C:\Windows\SYSTEM32\kernel.appcore.dll
0x00007ffd7b2e0000 - 0x00007ffd7b2ea000 	C:\Program Files\Java\jdk-21\bin\jimage.dll
0x00007ffd80620000 - 0x00007ffd80804000 	C:\Windows\SYSTEM32\DBGHELP.DLL
0x00007ffd80560000 - 0x00007ffd80594000 	C:\Windows\SYSTEM32\dbgcore.DLL
0x00007ffd80fa0000 - 0x00007ffd81022000 	C:\Windows\System32\bcryptPrimitives.dll
0x00007ffd76ad0000 - 0x00007ffd76aef000 	C:\Program Files\Java\jdk-21\bin\java.dll

dbghelp: loaded successfully - version: 4.0.5 - missing functions: none
symbol engine: initialized successfully - sym options: 0x614 - pdb path: .;C:\Program Files\Java\jdk-21\bin;C:\Windows\SYSTEM32;C:\Windows\WinSxS\amd64_microsoft.windows.common-controls_6595b64144ccf1df_6.0.19041.3636_none_60b6a03d71f818d5;C:\Program Files\Java\jdk-21\bin\server

VM Arguments:
jvm_args: -Dorg.gradle.internal.worker.tmpdir=C:\Users\N-Mach\OneDrive\Desktop\advprog\eshop\build\tmp\test\work -Dorg.gradle.native=false -Xmx512m -Dfile.encoding=windows-1252 -Duser.country=ID -Duser.language=en -Duser.variant -ea 
java_command: worker.org.gradle.process.internal.worker.GradleWorkerMain 'Gradle Test Executor 2'
java_class_path (initial): C:\\Users\\N-Mach\\.gradle\\caches\\8.5\\workerMain\\gradle-worker.jar;C:\\Users\\N-Mach\\OneDrive\\Desktop\\advprog\\eshop\\build\\classes\\java\\test;C:\\Users\\N-Mach\\OneDrive\\Desktop\\advprog\\eshop\\build\\classes\\java\\main;C:\\Users\\N-Mach\\OneDrive\\Desktop\\advprog\\eshop\\build\\resources\\main;C:\\Users\\N-Mach\\.gradle\\caches\\modules-2\\files-2.1\\org.springframework.boot\\spring-boot-starter-thymeleaf\\3.2.2\\d1895c9a600547d53dddfff7c57ab7838df5d65\\spring-boot-starter-thymeleaf-3.2.2.jar;C:\\Users\\N-Mach\\.gradle\\caches\\modules-2\\files-2.1\\org.springframework.boot\\spring-boot-starter-web\\3.2.2\\b89d213d9f49c3e6247b2503ac7d94b0ac8260f6\\spring-boot-starter-web-3.2.2.jar;C:\\Users\\N-Mach\\.gradle\\caches\\modules-2\\files-2.1\\org.springframework.boot\\spring-boot-starter-test\\3.2.2\\8785ad456a809e3eec319d7bbb36c3e971abd00f\\spring-boot-starter-test-3.2.2.jar;C:\\Users\\N-Mach\\.gradle\\caches\\modules-2\\files-2.1\\org.seleniumhq.selenium\\selenium-java\\4.14.1\\18cef0adbc08d152da07b234a04f6e8240ce215f\\selenium-java-4.14.1.jar;C:\\Users\\N-Mach\\.gradle\\caches\\modules-2\\files-2.1\\io.github.bonigarcia\\selenium-jupiter\\5.0.1\\e8d6f4619aa52e8b9d7b2c14b29241968eb1927f\\selenium-jupiter-5.0.1.jar;C:\\Users\\N-Mach\\.gradle\\caches\\modules-2\\files-2.1\\io.github.bonigarcia\\webdrivermanager\\5.6.3\\25c92222dd984710edf60eada23dcf6d17c97169\\webdrivermanager-5.6.3.jar;C:\\Users\\N-Mach\\.gradle\\caches\\modules-2\\files-2.1\\org.junit.jupiter\\junit-jupiter-engine\\5.9.1\\1bf771097bde296c3ab174861954e8aafaaf2e94\\junit-jupiter-engine-5.9.1.jar;C:\\Users\\N-Mach\\.gradle\\caches\\modules-2\\files-2.1\\org.junit.jupiter\\junit-jupiter-params\\5.10.1\\c8f15d4e99940c4564098af78c10809c00fdca06\\junit-jupiter-params-5.10.1.jar;C:\\Users\\N-Mach\\.gradle\\caches\\modules-2\\files-2.1\\org.junit.platform\\junit-platform-engine\\1.10.1\\f32ae4af74fde68414b8a3d2b7cf1fb43824a83a\\junit-platform-engine-1.10.1.jar;C:\\Users\\N-Mach\\.gradle\\caches\\modules-2\\files-2.1\\org.junit.platform\\junit-platform-commons\\1.10.1\\2bfcd4a4e38b10c671b6916d7e543c20afe25579\\junit-platform-commons-1.10.1.jar;C:\\Users\\N-Mach\\.gradle\\caches\\modules-2\\files-2.1\\org.junit.jupiter\\junit-jupiter\\5.10.1\\6e5c7dd668d6349cb99e52ab8321e73479a309bc\\junit-jupiter-5.10.1.jar;C:\\Users\\N-Mach\\.gradle\\caches\\modules-2\\files-2.1\\org.mockito\\mockito-junit-jupiter\\5.7.0\\ac2d6a3431747a7986b8f4abef465f72bf3a21ae\\mockito-junit-jupiter-5.7.0.jar;C:\\Users\\N-Mach\\.gradle\\caches\\modules-2\\files-2.1\\org.junit.jupiter\\junit-jupiter-api\\5.9.1\\7bb53fbc0173e9f6a9d21d58297af94b1f2f9ce1\\junit-jupiter-api-5.9.1.jar;C:\\Users\\N-Mach\\.gradle\\caches\\modules-2\\files-2.1\\org.springframework.boot\\spring-boot-starter-json\\3.2.2\\328f5ce9e10d5f90520e72a3ff8a2586b9e46b37\\spring-boot-starter-json-3.2.2.jar;C:\\Users\\N-Mach\\.gradle\\caches\\modules-2\\files-2.1\\org.springframework.boot\\spring-boot-starter\\3.2.2\\dc04714f9295297f92fa8099eb51edc54dbe67db\\spring-boot-starter-3.2.2.jar;C:\\Users\\N-Mach\\.gradle\\caches\\modules-2\\files-2.1\\org.thymeleaf\\thymeleaf-spring6\\3.1.2.RELEASE\\6030c7b4e260c41336f378e53da6e8531263f24b\\thymeleaf-spring6-3.1.2.RELEASE.jar;C:\\Users\\N-Mach\\.gradle\\caches\\modules-2\\files-2.1\\org.springframework.boot\\spring-boot-starter-tomcat\\3.2.2\\e22a0ba37910731b382f3fe47ad36aed20fad24d\\spring-boot-starter-tomcat-3.2.2.jar;C:\\Users\\N-Mach\\.gradle\\caches\\modules-2\\files-2.1\\org.springframework\\spring-webmvc\\6.1.3\\f4738a57787add6567e0679eebb1b499a11019cc\\spring-webmvc-6.1.3.jar;C:\\Users\\N-Mach\\.gradle\\caches\\modules-2\\files-2.1\\org.springframework\\spring-web\\6.1.3\\cc3459b4abd436331608ddb6424886875f7086ab\\spring-web-6.1.3.jar;C:\\Users\\N-Mach\\.gradle\\caches\\modules-2\\files-2.1\\org.springframework.boot\\spring-boot-test-autoconfigure\\3.2.2\\3413e663b2e3e005db07a60883ac6cd01b0dc0c\\spring-boot-test-autoconfigure-3.2.2.jar;C:\\Users\\N-Mach\\.gradle\\caches\\modules-2\\files-2.1\\org.springframework.boot\\spring-boot-test\\3.2.2\\9e76de9c9f520865c5d62588323f018a9d4e9077\\spring-boot-test-3.2.2.jar;C:\\Users\\N-Mach\\.gradle\\caches\\modules-2\\files-2.1\\com.jayway.jsonpath\\json-path\\2.8.0\\b4ab3b7a9e425655a0ca65487bbbd6d7ddb75160\\json-path-2.8.0.jar;C:\\Users\\N-Mach\\.gradle\\caches\\modules-2\\files-2.1\\jakarta.xml.bind\\jakarta.xml.bind-api\\4.0.1\\ca2330866cbc624c7e5ce982e121db1125d23e15\\jakarta.xml.bind-api-4.0.1.jar;C:\\Users\\N-Mach\\.gradle\\caches\\modules-2\\files-2.1\\net.minidev\\json-smart\\2.5.0\\57a64f421b472849c40e77d2e7cce3a141b41e99\\json-smart-2.5.0.jar;C:\\Users\\N-Mach\\.gradle\\caches\\modules-2\\files-2.1\\org.assertj\\assertj-core\\3.24.2\\ebbf338e33f893139459ce5df023115971c2786f\\assertj-core-3.24.2.jar;C:\\Users\\N-Mach\\.gradle\\caches\\modules-2\\files-2.1\\org.awaitility\\awaitility\\4.2.0\\2c39784846001a9cffd6c6b89c78de62c0d80fb8\\awaitility-4.2.0.jar;C:\\Users\\N-Mach\\.gradle\\caches\\modules-2\\files-2.1\\org.hamcrest\\hamcrest\\2.2\\1820c0968dba3a11a1b30669bb1f01978a91dedc\\hamcrest-2.2.jar;C:\\Users\\N-Mach\\.gradle\\caches\\modules-2\\files-2.1\\org.mockito\\mockito-core\\5.7.0\\a1c258331ab91d66863c983aff7136357e9de056\\mockito-core-5.7.0.jar;C:\\Users\\N-Mach\\.gradle\\caches\\modules-2\\files-2.1\\org.skyscreamer\\jsonassert\\1.5.1\\6d842d0faf4cf6725c509a5e5347d319ee0431c3\\jsonassert-1.5.1.jar;C:\\Users\\N-Mach\\.gradle\\caches\\modules-2\\files-2.1\\org.springframework\\spring-test\\6.1.3\\193a0c6c53a4eed98a1d7567e952647a92cf53aa\\spring-test-6.1.3.jar;C:\\Users\\N-Mach\\.gradle\\caches\\modules-2\\files-2.1\\org.springframework.boot\\spring-boot-autoconfigure\\3.2.2\\5c407409f8d260a4bc6e173d16fc3b36e6adec21\\spring-boot-autoconfigure-3.2.2.jar;C:\\Users\\N-Mach\\.gradle\\caches\\modules-2\\files-2.1\\org.springframework.boot\\spring-boot\\3.2.2\\9f274d1bd822c4c57bb5b37ecae2380b980f567\\spring-boot-3.2.2.jar;C:\\Users\\N-Mach\\.gradle\\caches\\modules-2\\files-2.1\\org.springframework\\spring-context\\6.1.3\\c63f038933701058fd7578460c66dbe2d424915\\spring-context-6.1.3.jar;C:\\Users\\N-Mach\\.gradle\\caches\\modules-2\\files-2.1\\org.springframework\\spring-aop\\6.1.3\\4d9bd4bd9b8bedf9ef151b45c79766b336117b9a\\spring-aop-6.1.3.jar;C:\\Users\\N-Mach\\.gradle\\caches\\modules-2\\files-2.1\\org.springframework\\spring-beans\\6.1.3\\c2df4210e796d3a27efc1f22621aa4e2c6cd985f\\spring-beans-6.1.3.jar;C:\\Users\\N-Mach\\.gradle\\caches\\modules-2\\files-2.1\\org.springframework\\spring-expression\\6.1.3\\7c35fc3d7525a024fdde8a5d7597a6a8a4e59d7\\spring-expression-6.1.3.jar;C:\\Users\\N-Mach\\.gradle\\caches\\modules-2\\files-2.1\\org.springframework\\spring-core\\6.1.3\\a002e96e780954cc3ac4cd70fd3bb16accdc47ed\\spring-core-6.1.3.jar;C:\\Users\\N-Mach\\.gradle\\caches\\modules-2\\files-2.1\\org.xmlunit\\xmlunit-core\\2.9.1\\e5833662d9a1279a37da3ef6f62a1da29fcd68c4\\xmlunit-core-2.9.1.jar;C:\\Users\\N-Mach\\.gradle\\caches\\modules-2\\files-2.1\\org.seleniumhq.selenium\\selenium-chrome-driver\\4.14.1\\205280665a9226e5b68928620de8b31aa97d127d\\selenium-chrome-driver-4.14.1.jar;C:\\Users\\N-Mach\\.gradle\\caches\\modules-2\\files-2.1\\org.seleniumhq.selenium\\selenium-devtools-v116\\4.14.1\\a5affbe2114de302d26d61b8a7fc17a74599c500\\selenium-devtools-v116-4.14.1.jar;C:\\Users\\N-Mach\\.gradle\\caches\\modules-2\\files-2.1\\org.seleniumhq.selenium\\selenium-devtools-v117\\4.14.1\\4024e24b35b9480df7ca0d221c2a3a039177506b\\selenium-devtools-v117-4.14.1.jar;C:\\Users\\N-Mach\\.gradle\\caches\\modules-2\\files-2.1\\org.seleniumhq.selenium\\selenium-devtools-v118\\4.14.1\\4f43bb457bea16a6ceac9921574c4a1be8ac7ca3\\selenium-devtools-v118-4.14.1.jar;C:\\Users\\N-Mach\\.gradle\\caches\\modules-2\\files-2.1\\org.seleniumhq.selenium\\selenium-firefox-driver\\4.14.1\\cd79241554fb95bb2ce8c65b5e2869ca9dda4a09\\selenium-firefox-driver-4.14.1.jar;C:\\Users\\N-Mach\\.gradle\\caches\\modules-2\\files-2.1\\org.seleniumhq.selenium\\selenium-devtools-v85\\4.14.1\\9380a6551d8c99a913b59d06682af27467cf151f\\selenium-devtools-v85-4.14.1.jar;C:\\Users\\N-Mach\\.gradle\\caches\\modules-2\\files-2.1\\org.seleniumhq.selenium\\selenium-edge-driver\\4.14.1\\8af7904869e9944a54e25f3110d2d0558a1e8486\\selenium-edge-driver-4.14.1.jar;C:\\Users\\N-Mach\\.gradle\\caches\\modules-2\\files-2.1\\org.seleniumhq.selenium\\selenium-ie-driver\\4.14.1\\c1701fd6861b8f304c3dd257b78e71f6e8988cff\\selenium-ie-driver-4.14.1.jar;C:\\Users\\N-Mach\\.gradle\\caches\\modules-2\\files-2.1\\org.seleniumhq.selenium\\selenium-safari-driver\\4.14.1\\b0b3054b16dcea9bf830e4fc77f8a87e4200a12b\\selenium-safari-driver-4.14.1.jar;C:\\Users\\N-Mach\\.gradle\\caches\\modules-2\\files-2.1\\org.seleniumhq.selenium\\selenium-support\\4.14.1\\499105c45d20001fac053b7ff959a8b8eb064f8\\selenium-support-4.14.1.jar;C:\\Users\\N-Mach\\.gradle\\caches\\modules-2\\files-2.1\\org.seleniumhq.selenium\\selenium-chromium-driver\\4.14.1\\9c40663351137b6d6fc4ac5bb35d9c45a352834a\\selenium-chromium-driver-4.14.1.jar;C:\\Users\\N-Mach\\.gradle\\caches\\modules-2\\files-2.1\\org.seleniumhq.selenium\\selenium-remote-driver\\4.14.1\\1e9c7d73828dc21bc4d82dd202c4bd90726e8650\\selenium-remote-driver-4.14.1.jar;C:\\Users\\N-Mach\\.gradle\\caches\\modules-2\\files-2.1\\org.seleniumhq.selenium\\selenium-manager\\4.14.1\\88dfedd2ebaee3a2f3fae01fa232508730fe8ce2\\selenium-manager-4.14.1.jar;C:\\Users\\N-Mach\\.gradle\\caches\\modules-2\\files-2.1\\org.seleniumhq.selenium\\selenium-http\\4.14.1\\8e37700f9fc1e727aabd39b7335b277d310cb55a\\selenium-http-4.14.1.jar;C:\\Users\\N-Mach\\.gradle\\caches\\modules-2\\files-2.1\\org.seleniumhq.selenium\\selenium-json\\4.14.1\\6b127e01d9734f34d1bc2b202c45efd2132a636f\\selenium-json-4.14.1.jar;C:\\Users\\N-Mach\\.gradle\\caches\\modules-2\\files-2.1\\org.seleniumhq.selenium\\selenium-os\\4.14.1\\2cc53549896b649da1b32060ea422f660f1e5ba0\\selenium-os-4.14.1.jar;C:\\Users\\N-Mach\\.gradle\\caches\\modules-2\\files-2.1\\org.seleniumhq.selenium\\selenium-api\\4.14.1\\64abd06a876d94bfc672c551d229dad0108fd60c\\selenium-api-4.14.1.jar;C:\\Users\\N-Mach\\.gradle\\caches\\modules-2\\files-2.1\\com.github.docker-java\\docker-java-transport-httpclient5\\3.3.4\\2d4af09c2db7b040228f28513ebf80f4c322a00a\\docker-java-transport-httpclient5-3.3.4.jar;C:\\Users\\N-Mach\\.gradle\\caches\\modules-2\\files-2.1\\org.apache.httpcomponents.client5\\httpclient5\\5.2.3\\5d753a99d299756998a08c488f2efdf9cf26198e\\httpclient5-5.2.3.jar;C:\\Users\\N-Mach\\.gradle\\caches\\modules-2\\files-2.1\\org.thymeleaf\\thymeleaf\\3.1.2.RELEASE\\273997509a4c7aef86cee0521750140c587d9be2\\thymeleaf-3.1.2.RELEASE.jar;C:\\Users\\N-Mach\\.gradle\\caches\\modules-2\\files-2.1\\com.github.docker-java\\docker-java\\3.3.4\\4ec475e70b34cef5b683e452e7f58e1a344ec100\\docker-java-3.3.4.jar;C:\\Users\\N-Mach\\.gradle\\caches\\modules-2\\files-2.1\\com.github.docker-java\\docker-java-core\\3.3.4\\4e24c61232e3a7d16af8cb664870ca6a9cb96ae0\\docker-java-core-3.3.4.jar;C:\\Users\\N-Mach\\.gradle\\caches\\modules-2\\files-2.1\\org.slf4j\\jcl-over-slf4j\\2.0.11\\f6226edb8c85f8c9f1f75ec4b0252c02f589478a\\jcl-over-slf4j-2.0.11.jar;C:\\Users\\N-Mach\\.gradle\\caches\\modules-2\\files-2.1\\org.springframework.boot\\spring-boot-starter-logging\\3.2.2\\3347c3b1cec6cf2d5fa186d1e49d2f378a6b7cae\\spring-boot-starter-logging-3.2.2.jar;C:\\Users\\N-Mach\\.gradle\\caches\\modules-2\\files-2.1\\ch.qos.logback\\logback-classic\\1.4.14\\d98bc162275134cdf1518774da4a2a17ef6fb94d\\logback-classic-1.4.14.jar;C:\\Users\\N-Mach\\.gradle\\caches\\modules-2\\files-2.1\\org.apache.logging.log4j\\log4j-to-slf4j\\2.21.1\\d77b2ba81711ed596cd797cc2b5b5bd7409d841c\\log4j-to-slf4j-2.21.1.jar;C:\\Users\\N-Mach\\.gradle\\caches\\modules-2\\files-2.1\\org.slf4j\\jul-to-slf4j\\2.0.11\\279356f8e873b1a26badd8bbb3284b5c3b22c770\\jul-to-slf4j-2.0.11.jar;C:\\Users\\N-Mach\\.gradle\\caches\\modules-2\\files-2.1\\com.github.docker-java\\docker-java-api\\3.3.4\\f5f58affdfb9479519457a362c4f2d9ebbe263b3\\docker-java-api-3.3.4.jar;C:\\Users\\N-Mach\\.gradle\\caches\\modules-2\\files-2.1\\org.slf4j\\slf4j-api\\2.0.11\\ad96c3f8cf895e696dd35c2bc8e8ebe710be9e6d\\slf4j-api-2.0.11.jar;C:\\Users\\N-Mach\\.gradle\\caches\\modules-2\\files-2.1\\com.google.code.gson\\gson\\2.10.1\\b3add478d4382b78ea20b1671390a858002feb6c\\gson-2.10.1.jar;C:\\Users\\N-Mach\\.gradle\\caches\\modules-2\\files-2.1\\org.brotli\\dec\\0.1.2\\c26a897ae0d524809eef1c786cc6183b4ddcc3b\\dec-0.1.2.jar;C:\\Users\\N-Mach\\.gradle\\caches\\modules-2\\files-2.1\\org.apache.commons\\commons-lang3\\3.13.0\\b7263237aa89c1f99b327197c41d0669707a462e\\commons-lang3-3.13.0.jar;C:\\Users\\N-Mach\\.gradle\\caches\\modules-2\\files-2.1\\org.apache.commons\\commons-compress\\1.25.0\\9d35aec423da6c8a7f93d7e9e1c6b1d9fe14bb5e\\commons-compress-1.25.0.jar;C:\\Users\\N-Mach\\.gradle\\caches\\modules-2\\files-2.1\\org.opentest4j\\opentest4j\\1.3.0\\152ea56b3a72f655d4fd677fc0ef2596c3dd5e6e\\opentest4j-1.3.0.jar;C:\\Users\\N-Mach\\.gradle\\caches\\modules-2\\files-2.1\\jakarta.annotation\\jakarta.annotation-api\\2.1.1\\48b9bda22b091b1f48b13af03fe36db3be6e1ae3\\jakarta.annotation-api-2.1.1.jar;C:\\Users\\N-Mach\\.gradle\\caches\\modules-2\\files-2.1\\org.yaml\\snakeyaml\\2.2\\3af797a25458550a16bf89acc8e4ab2b7f2bfce0\\snakeyaml-2.2.jar;C:\\Users\\N-Mach\\.gradle\\caches\\modules-2\\files-2.1\\com.fasterxml.jackson.datatype\\jackson-datatype-jsr310\\2.15.3\\4a20a0e104931bfa72f24ef358c2eb63f1ef2aaf\\jackson-datatype-jsr310-2.15.3.jar;C:\\Users\\N-Mach\\.gradle\\caches\\modules-2\\files-2.1\\com.fasterxml.jackson.module\\jackson-module-parameter-names\\2.15.3\\8d251b90c5358677e7d8161e0c2488e6f84f49da\\jackson-module-parameter-names-2.15.3.jar;C:\\Users\\N-Mach\\.gradle\\caches\\modules-2\\files-2.1\\com.fasterxml.jackson.core\\jackson-annotations\\2.15.3\\79baf4e605eb3bbb60b1c475d44a7aecceea1d60\\jackson-annotations-2.15.3.jar;C:\\Users\\N-Mach\\.gradle\\caches\\modules-2\\files-2.1\\com.fasterxml.jackson.core\\jackson-core\\2.15.3\\60d600567c1862840397bf9ff5a92398edc5797b\\jackson-core-2.15.3.jar;C:\\Users\\N-Mach\\.gradle\\caches\\modules-2\\files-2.1\\com.fasterxml.jackson.datatype\\jackson-datatype-jdk8\\2.15.3\\80158cb020c7bd4e4ba94d8d752a65729dc943b2\\jackson-datatype-jdk8-2.15.3.jar;C:\\Users\\N-Mach\\.gradle\\caches\\modules-2\\files-2.1\\com.fasterxml.jackson.core\\jackson-databind\\2.15.3\\a734bc2c47a9453c4efa772461a3aeb273c010d9\\jackson-databind-2.15.3.jar;C:\\Users\\N-Mach\\.gradle\\caches\\modules-2\\files-2.1\\org.apache.tomcat.embed\\tomcat-embed-websocket\\10.1.18\\83a3bc6898f2ceed2357ba231a5e83dc2016d454\\tomcat-embed-websocket-10.1.18.jar;C:\\Users\\N-Mach\\.gradle\\caches\\modules-2\\files-2.1\\org.apache.tomcat.embed\\tomcat-embed-core\\10.1.18\\bff6c34649d1dd7b509e819794d73ba795947dcf\\tomcat-embed-core-10.1.18.jar;C:\\Users\\N-Mach\\.gradle\\caches\\modules-2\\files-2.1\\org.apache.tomcat.embed\\tomcat-embed-el\\10.1.18\\b2c4dc05abd363c63b245523bb071727aa2f1046\\tomcat-embed-el-10.1.18.jar;C:\\Users\\N-Mach\\.gradle\\caches\\modules-2\\files-2.1\\io.micrometer\\micrometer-observation\\1.12.2\\e082b05a2527fc24ea6fbe4c4b7ae34653aace81\\micrometer-observation-1.12.2.jar;C:\\Users\\N-Mach\\.gradle\\caches\\modules-2\\files-2.1\\jakarta.activation\\jakarta.activation-api\\2.1.2\\640c0d5aff45dbff1e1a1bc09673ff3a02b1ba12\\jakarta.activation-api-2.1.2.jar;C:\\Users\\N-Mach\\.gradle\\caches\\modules-2\\files-2.1\\net.minidev\\accessors-smart\\2.5.0\\aca011492dfe9c26f4e0659028a4fe0970829dd8\\accessors-smart-2.5.0.jar;C:\\Users\\N-Mach\\.gradle\\caches\\modules-2\\files-2.1\\net.bytebuddy\\byte-buddy\\1.14.11\\725602eb7c8c56b51b9c21f273f9df5c909d9e7d\\byte-buddy-1.14.11.jar;C:\\Users\\N-Mach\\.gradle\\caches\\modules-2\\files-2.1\\net.bytebuddy\\byte-buddy-agent\\1.14.11\\f9cb566608fbac6bc7bf54901a7aa11543a989ee\\byte-buddy-agent-1.14.11.jar;C:\\Users\\N-Mach\\.gradle\\caches\\modules-2\\files-2.1\\org.objenesis\\objenesis\\3.3\\1049c09f1de4331e8193e579448d0916d75b7631\\objenesis-3.3.jar;C:\\Users\\N-Mach\\.gradle\\caches\\modules-2\\files-2.1\\com.vaadin.external.google\\android-json\\0.0.20131108.vaadin1\\fa26d351fe62a6a17f5cda1287c1c6110dec413f\\android-json-0.0.20131108.vaadin1.jar;C:\\Users\\N-Mach\\.gradle\\caches\\modules-2\\files-2.1\\org.springframework\\spring-jcl\\6.1.3\\a715e091ee86243ee94534a03f3c26b4e48de31e\\spring-jcl-6.1.3.jar;C:\\Users\\N-Mach\\.gradle\\caches\\modules-2\\files-2.1\\com.google.auto.service\\auto-service-annotations\\1.1.1\\da12a15cd058ba90a0ff55357fb521161af4736d\\auto-service-annotations-1.1.1.jar;C:\\Users\\N-Mach\\.gradle\\caches\\modules-2\\files-2.1\\com.google.guava\\guava\\32.1.2-jre\\5e64ec7e056456bef3a4bc4c6fdaef71e8ab6318\\guava-32.1.2-jre.jar;C:\\Users\\N-Mach\\.gradle\\caches\\modules-2\\files-2.1\\io.opentelemetry\\opentelemetry-exporter-logging\\1.31.0\\260e5363dad83a0ae65c16ad6a3dd2914e0db201\\opentelemetry-exporter-logging-1.31.0.jar;C:\\Users\\N-Mach\\.gradle\\caches\\modules-2\\files-2.1\\io.opentelemetry\\opentelemetry-sdk-extension-autoconfigure\\1.31.0\\178efb4a6102afa581307038f609324ed4418025\\opentelemetry-sdk-extension-autoconfigure-1.31.0.jar;C:\\Users\\N-Mach\\.gradle\\caches\\modules-2\\files-2.1\\io.opentelemetry\\opentelemetry-sdk-extension-autoconfigure-spi\\1.31.0\\80acc40893fd00b56eee2acd145dbbd560173265\\opentelemetry-sdk-extension-autoconfigure-spi-1.31.0.jar;C:\\Users\\N-Mach\\.gradle\\caches\\modules-2\\files-2.1\\io.opentelemetry\\opentelemetry-sdk\\1.31.0\\2b2093be08a09ac536292bf6cecf8129cc7fb191\\opentelemetry-sdk-1.31.0.jar;C:\\Users\\N-Mach\\.gradle\\caches\\modules-2\\files-2.1\\io.opentelemetry\\opentelemetry-sdk-trace\\1.31.0\\a3941197cfb8ae9eb9e482073480c0c3918b746c\\opentelemetry-sdk-trace-1.31.0.jar;C:\\Users\\N-Mach\\.gradle\\caches\\modules-2\\files-2.1\\io.opentelemetry\\opentelemetry-sdk-metrics\\1.31.0\\47cc23762fae728d68e4fda1dfb71986ae0b8b3e\\opentelemetry-sdk-metrics-1.31.0.jar;C:\\Users\\N-Mach\\.gradle\\caches\\modules-2\\files-2.1\\io.opentelemetry\\opentelemetry-sdk-logs\\1.31.0\\a63a203d3dc6f8875f8c26b9e3b522dc9a3f6280\\opentelemetry-sdk-logs-1.31.0.jar;C:\\Users\\N-Mach\\.gradle\\caches\\modules-2\\files-2.1\\io.opentelemetry\\opentelemetry-sdk-common\\1.31.0\\f492528288236e097e12fc1c45963dd82c70d33c\\opentelemetry-sdk-common-1.31.0.jar;C:\\Users\\N-Mach\\.gradle\\caches\\modules-2\\files-2.1\\io.opentelemetry\\opentelemetry-semconv\\1.28.0-alpha\\97336840db7cb0ef7e5d292f7cec5bdb385cc370\\opentelemetry-semconv-1.28.0-alpha.jar;C:\\Users\\N-Mach\\.gradle\\caches\\modules-2\\files-2.1\\io.opentelemetry\\opentelemetry-api-events\\1.31.0-alpha\\537183c5cd8fa7ebf520c0887c4ffb8a450913fe\\opentelemetry-api-events-1.31.0-alpha.jar;C:\\Users\\N-Mach\\.gradle\\caches\\modules-2\\files-2.1\\io.opentelemetry\\opentelemetry-extension-incubator\\1.31.0-alpha\\6c9f5c063309d92b6dd28bff0667f54b63afd36f\\opentelemetry-extension-incubator-1.31.0-alpha.jar;C:\\Users\\N-Mach\\.gradle\\caches\\modules-2\\files-2.1\\io.opentelemetry\\opentelemetry-api\\1.31.0\\bb24a44d73484c681c236aed84fe6c28d17f30e2\\opentelemetry-api-1.31.0.jar;C:\\Users\\N-Mach\\.gradle\\caches\\modules-2\\files-2.1\\io.opentelemetry\\opentelemetry-context\\1.31.0\\b8004737f7a970124e36ac71fde8eb88423e8cee\\opentelemetry-context-1.31.0.jar;C:\\Users\\N-Mach\\.gradle\\caches\\modules-2\\files-2.1\\com.github.docker-java\\docker-java-transport\\3.3.4\\87f856e47c9f8d416518b18f88c15cad74cc2cae\\docker-java-transport-3.3.4.jar;C:\\Users\\N-Mach\\.gradle\\caches\\modules-2\\files-2.1\\net.java.dev.jna\\jna\\5.13.0\\1200e7ebeedbe0d10062093f32925a912020e747\\jna-5.13.0.jar;C:\\Users\\N-Mach\\.gradle\\caches\\modules-2\\files-2.1\\org.apache.httpcomponents.core5\\httpcore5-h2\\5.2.4\\2872764df7b4857549e2880dd32a6f9009166289\\httpcore5-h2-5.2.4.jar;C:\\Users\\N-Mach\\.gradle\\caches\\modules-2\\files-2.1\\org.apache.httpcomponents.core5\\httpcore5\\5.2.4\\34d8332b975f9e9a8298efe4c883ec43d45b7059\\httpcore5-5.2.4.jar;C:\\Users\\N-Mach\\.gradle\\caches\\modules-2\\files-2.1\\org.attoparser\\attoparser\\2.0.7.RELEASE\\e5d0e988d9124139d645bb5872b24dfa23e283cc\\attoparser-2.0.7.RELEASE.jar;C:\\Users\\N-Mach\\.gradle\\caches\\modules-2\\files-2.1\\org.unbescape\\unbescape\\1.1.6.RELEASE\\7b90360afb2b860e09e8347112800d12c12b2a13\\unbescape-1.1.6.RELEASE.jar;C:\\Users\\N-Mach\\.gradle\\caches\\modules-2\\files-2.1\\io.micrometer\\micrometer-commons\\1.12.2\\b44127d8ec7b3ef11a01912d1e6474e1167f3929\\micrometer-commons-1.12.2.jar;C:\\Users\\N-Mach\\.gradle\\caches\\modules-2\\files-2.1\\org.ow2.asm\\asm\\9.3\\8e6300ef51c1d801a7ed62d07cd221aca3a90640\\asm-9.3.jar;C:\\Users\\N-Mach\\.gradle\\caches\\modules-2\\files-2.1\\com.google.guava\\failureaccess\\1.0.1\\1dcf1de382a0bf95a3d8b0849546c88bac1292c9\\failureaccess-1.0.1.jar;C:\\Users\\N-Mach\\.gradle\\caches\\modules-2\\files-2.1\\com.google.guava\\listenablefuture\\9999.0-empty-to-avoid-conflict-with-guava\\b421526c5f297295adef1c886e5246c39d4ac629\\listenablefuture-9999.0-empty-to-avoid-conflict-with-guava.jar;C:\\Users\\N-Mach\\.gradle\\caches\\modules-2\\files-2.1\\com.google.code.findbugs\\jsr305\\3.0.2\\25ea2e8b0c338a877313bd4672d3fe056ea78f0d\\jsr305-3.0.2.jar;C:\\Users\\N-Mach\\.gradle\\caches\\modules-2\\files-2.1\\org.checkerframework\\checker-qual\\3.33.0\\de2b60b62da487644fc11f734e73c8b0b431238f\\checker-qual-3.33.0.jar;C:\\Users\\N-Mach\\.gradle\\caches\\modules-2\\files-2.1\\com.google.errorprone\\error_prone_annotations\\2.18.0\\89b684257096f548fa39a7df9fdaa409d4d4df91\\error_prone_annotations-2.18.0.jar;C:\\Users\\N-Mach\\.gradle\\caches\\modules-2\\files-2.1\\dev.failsafe\\failsafe\\3.3.2\\738a986f1f0e4b6c6a49d351dddc772d1378c5a8\\failsafe-3.3.2.jar;C:\\Users\\N-Mach\\.gradle\\caches\\modules-2\\files-2.1\\org.apache.commons\\commons-exec\\1.3\\8dfb9facd0830a27b1b5f29f84593f0aeee7773b\\commons-exec-1.3.jar;C:\\Users\\N-Mach\\.gradle\\caches\\modules-2\\files-2.1\\commons-io\\commons-io\\2.13.0\\8bb2bc9b4df17e2411533a0708a69f983bf5e83b\\commons-io-2.13.0.jar;C:\\Users\\N-Mach\\.gradle\\caches\\modules-2\\files-2.1\\org.bouncycastle\\bcpkix-jdk18on\\1.76\\10c9cf5c1b4d64abeda28ee32fbade3b74373622\\bcpkix-jdk18on-1.76.jar;C:\\Users\\N-Mach\\.gradle\\caches\\modules-2\\files-2.1\\ch.qos.logback\\logback-core\\1.4.14\\4d3c2248219ac0effeb380ed4c5280a80bf395e8\\logback-core-1.4.14.jar;C:\\Users\\N-Mach\\.gradle\\caches\\modules-2\\files-2.1\\org.apache.logging.log4j\\log4j-api\\2.21.1\\74c65e87b9ce1694a01524e192d7be989ba70486\\log4j-api-2.21.1.jar;C:\\Users\\N-Mach\\.gradle\\caches\\modules-2\\files-2.1\\org.bouncycastle\\bcutil-jdk18on\\1.76\\8c7594e651a278bcde18e038d8ab55b1f97f4d31\\bcutil-jdk18on-1.76.jar;C:\\Users\\N-Mach\\.gradle\\caches\\modules-2\\files-2.1\\org.bouncycastle\\bcprov-jdk18on\\1.76\\3a785d0b41806865ad7e311162bfa3fa60b3965b\\bcprov-jdk18on-1.76.jar;C:\\Users\\N-Mach\\.gradle\\wrapper\\dists\\gradle-8.5-bin\\5t9huq95ubn472n8rpzujfbqh\\gradle-8.5\\lib\\plugins\\junit-platform-engine-1.8.2.jar;C:\\Users\\N-Mach\\.gradle\\wrapper\\dists\\gradle-8.5-bin\\5t9huq95ubn472n8rpzujfbqh\\gradle-8.5\\lib\\plugins\\junit-platform-launcher-1.8.2.jar;C:\\Users\\N-Mach\\.gradle\\wrapper\\dists\\gradle-8.5-bin\\5t9huq95ubn472n8rpzujfbqh\\gradle-8.5\\lib\\plugins\\junit-platform-commons-1.8.2.jar
Launcher Type: SUN_STANDARD

[Global flags]
     intx CICompilerCount                          = 3                                         {product} {ergonomic}
     uint ConcGCThreads                            = 1                                         {product} {ergonomic}
     uint G1ConcRefinementThreads                  = 4                                         {product} {ergonomic}
   size_t G1HeapRegionSize                         = 1048576                                   {product} {ergonomic}
    uintx GCDrainStackTargetSize                   = 64                                        {product} {ergonomic}
   size_t InitialHeapSize                          = 132120576                                 {product} {ergonomic}
   size_t MarkStackSize                            = 4194304                                   {product} {ergonomic}
   size_t MaxHeapSize                              = 536870912                                 {product} {command line}
   size_t MinHeapDeltaBytes                        = 1048576                                   {product} {ergonomic}
   size_t MinHeapSize                              = 8388608                                   {product} {ergonomic}
    uintx NonNMethodCodeHeapSize                   = 5832780                                {pd product} {ergonomic}
    uintx NonProfiledCodeHeapSize                  = 122912730                              {pd product} {ergonomic}
    uintx ProfiledCodeHeapSize                     = 122912730                              {pd product} {ergonomic}
    uintx ReservedCodeCacheSize                    = 251658240                              {pd product} {ergonomic}
     bool SegmentedCodeCache                       = true                                      {product} {ergonomic}
   size_t SoftMaxHeapSize                          = 536870912                              {manageable} {ergonomic}
     bool UseCompressedOops                        = true                           {product lp64_product} {ergonomic}
     bool UseG1GC                                  = true                                      {product} {ergonomic}
     bool UseLargePagesIndividualAllocation        = false                                  {pd product} {ergonomic}

Logging:
Log output configuration:
 #0: stdout all=warning uptime,level,tags foldmultilines=false
 #1: stderr all=off uptime,level,tags foldmultilines=false

Environment Variables:
JAVA_HOME=C:\Program Files\Java\jdk-9.0.1
PATH=C:\Program Files\Common Files\Oracle\Java\javapath;C:\ProgramData\Oracle\Java\javapath;C:\Program Files (x86)\Common Files\Oracle\Java\javapath;C:\Windows\system32;C:\Windows;C:\Windows\System32\Wbem;C:\Windows\System32\WindowsPowerShell\v1.0\;C:\Windows\System32\OpenSSH\;C:\Program Files\Git\cmd;C:\Program Files\PuTTY\;C:\Gradle\gradle-7.6.1\bin;C:\Program Files\PostgreSQL\15\bin;C:\Program Files\nodejs\;C:\Program Files\Go\bin;C:\Program Files\Java\jdk-9.0.1\bin;;C:\Program Files\Docker\Docker\resources\bin;C:\Program Files\swipl\bin;C:\Users\N-Mach\AppData\Local\Programs\Python\Python38\Scripts\;C:\Users\N-Mach\AppData\Local\Programs\Python\Python38\;C:\Users\N-Mach\AppData\Local\Programs\Python\Python310\Scripts\;C:\Users\N-Mach\AppData\Local\Programs\Python\Python310\;C:\Users\N-Mach\AppData\Local\Programs\Python\Python312\Scripts\;C:\Users\N-Mach\AppData\Local\Programs\Python\Python312\;C:\Users\N-Mach\AppData\Local\Programs\Microsoft VS Code\bin;C:\Program Files\JetBrains\IntelliJ IDEA Community Edition 2023.3.3\bin;
USERNAME=N-Mach
OS=Windows_NT
PROCESSOR_IDENTIFIER=Intel64 Family 6 Model 140 Stepping 1, GenuineIntel
TMP=C:\Users\N-Mach\AppData\Local\Temp
TEMP=C:\Users\N-Mach\AppData\Local\Temp




Periodic native trim disabled

---------------  S Y S T E M  ---------------

OS:
 Windows 10 , 64 bit Build 19041 (10.0.19041.3636)
OS uptime: 1 days 14:54 hours
Hyper-V role detected

CPU: total 4 (initial active 4) (2 cores per cpu, 2 threads per core) family 6 model 140 stepping 1 microcode 0x8a, cx8, cmov, fxsr, ht, mmx, 3dnowpref, sse, sse2, sse3, ssse3, sse4.1, sse4.2, popcnt, lzcnt, tsc, tscinvbit, avx, avx2, aes, erms, clmul, bmi1, bmi2, adx, avx512f, avx512dq, avx512cd, avx512bw, avx512vl, sha, fma, vzeroupper, avx512_vpopcntdq, avx512_vpclmulqdq, avx512_vaes, avx512_vnni, clflush, clflushopt, clwb, avx512_vbmi2, avx512_vbmi, hv, rdtscp, rdpid, fsrm, gfni, avx512_bitalg, f16c, cet_ibt, cet_ss, avx512_ifma
Processor Information for all 4 processors :
  Max Mhz: 2995, Current Mhz: 2995, Mhz Limit: 2995

Memory: 4k page, system-wide physical 7991M (393M free)
TotalPageFile size 19991M (AvailPageFile size 74M)
current process WorkingSet (physical memory assigned to process): 10M, peak: 10M
current process commit charge ("private bytes"): 51M, peak: 177M

vm_info: Java HotSpot(TM) 64-Bit Server VM (21.0.2+13-LTS-58) for windows-amd64 JRE (21.0.2+13-LTS-58), built on 2024-01-05T18:32:24Z by "mach5one" with MS VC++ 17.1 (VS2022)

END.
